<?xml version="1.0" encoding="UTF-8"?>
<testsuite name="agh.ics.oop.GrassFieldTest" tests="4" skipped="0" failures="0" errors="0" timestamp="2022-11-16T16:27:44" hostname="DESKTOP-6CHEB2H" time="0.053">
  <properties/>
  <testcase name="canMoveTo()" classname="agh.ics.oop.GrassFieldTest" time="0.042"/>
  <testcase name="isOccupied()" classname="agh.ics.oop.GrassFieldTest" time="0.001"/>
  <testcase name="objectAt()" classname="agh.ics.oop.GrassFieldTest" time="0.005"/>
  <testcase name="place()" classname="agh.ics.oop.GrassFieldTest" time="0.001"/>
  <system-out><![CDATA[]]></system-out>
  <system-err><![CDATA[]]></system-err>
</testsuite>
