<?xml version="1.0" encoding="UTF-8"?>
<testsuite name="agh.ics.oop.AnimalTest" tests="2" skipped="0" failures="0" errors="0" timestamp="2022-11-18T16:42:53" hostname="DESKTOP-6CHEB2H" time="0.037">
  <properties/>
  <testcase name="collidingAnimalsTest()" classname="agh.ics.oop.AnimalTest" time="0.034"/>
  <testcase name="moveOrientLocTest()" classname="agh.ics.oop.AnimalTest" time="0.002"/>
  <system-out><![CDATA[]]></system-out>
  <system-err><![CDATA[]]></system-err>
</testsuite>
