<?xml version="1.0" encoding="UTF-8"?>
<testsuite name="agh.ics.oop.AnimalTest" tests="1" skipped="0" failures="0" errors="0" timestamp="2022-11-08T12:43:09" hostname="DESKTOP-6CHEB2H" time="0.025">
  <properties/>
  <testcase name="collidingAnimalsTest()" classname="agh.ics.oop.AnimalTest" time="0.025"/>
  <system-out><![CDATA[Hippo (3, 3)
Seal: (2, 2)
Camel: (6, 2)
Hippo (2, 3)
Seal: (2, 2)
Camel: (7, 2)
Hippo (1, 3)
Seal: (2, 3)
Camel: (8, 2)
Hippo (1, 3)
Seal: (2, 3)
Camel: (8, 2)
Hippo (1, 4)
Seal: (2, 3)
Camel: (8, 2)
Hippo (1, 4)
Seal: (2, 4)
Camel: (8, 2)
Hippo (1, 4)
Seal: (2, 4)
Camel: (8, 3)
]]></system-out>
  <system-err><![CDATA[]]></system-err>
</testsuite>
