<?xml version="1.0" encoding="UTF-8"?>
<testsuite name="agh.ics.oop.AnimalTest" tests="3" skipped="0" failures="0" errors="0" timestamp="2022-10-23T15:21:06" hostname="DESKTOP-6CHEB2H" time="0.037">
  <properties/>
  <testcase name="isAtTest()" classname="agh.ics.oop.AnimalTest" time="0.024"/>
  <testcase name="moveTest()" classname="agh.ics.oop.AnimalTest" time="0.003"/>
  <testcase name="toStringTest()" classname="agh.ics.oop.AnimalTest" time="0.007"/>
  <system-out><![CDATA[]]></system-out>
  <system-err><![CDATA[]]></system-err>
</testsuite>
